[1013/195243.861:ERROR:directory_reader_win.cc(43)] FindFirstFile: El sistema no puede encontrar la ruta especificada. (0x3)
[1026/204644.897:ERROR:directory_reader_win.cc(43)] FindFirstFile: The system cannot find the path specified. (0x3)
[1027/193108.347:ERROR:directory_reader_win.cc(43)] FindFirstFile: El sistema no puede encontrar la ruta especificada. (0x3)
[1204/120351.576:ERROR:directory_reader_win.cc(43)] FindFirstFile: El sistema no puede encontrar la ruta especificada. (0x3)
[1204/143046.239:ERROR:directory_reader_win.cc(43)] FindFirstFile: El sistema no puede encontrar la ruta especificada. (0x3)
[1204/152926.448:ERROR:directory_reader_win.cc(43)] FindFirstFile: El sistema no puede encontrar la ruta especificada. (0x3)
[1204/162538.791:ERROR:directory_reader_win.cc(43)] FindFirstFile: El sistema no puede encontrar la ruta especificada. (0x3)
[1204/173229.188:ERROR:directory_reader_win.cc(43)] FindFirstFile: El sistema no puede encontrar la ruta especificada. (0x3)
[1204/230001.432:ERROR:directory_reader_win.cc(43)] FindFirstFile: El sistema no puede encontrar la ruta especificada. (0x3)
[1204/232858.545:ERROR:process_reader_win.cc(123)] NtOpenThread: {Acceso denegado} Un proceso ha solicitado acceso a un objeto, pero no se le han concedido esos derechos de acceso. (0xc0000022)
[1204/232859.075:ERROR:exception_snapshot_win.cc(99)] thread ID 11800 not found in process
[1213/131528.601:ERROR:directory_reader_win.cc(43)] FindFirstFile: El sistema no puede encontrar la ruta especificada. (0x3)
[1213/140645.423:ERROR:directory_reader_win.cc(43)] FindFirstFile: El sistema no puede encontrar la ruta especificada. (0x3)
[1213/150955.612:ERROR:process_reader_win.cc(151)] SuspendThread: Acceso denegado. (0x5)
[1213/150955.612:ERROR:process_reader_win.cc(151)] SuspendThread: Acceso denegado. (0x5)
[1213/150955.749:ERROR:file_io_win.cc(162)] CreateFile C:\Users\Sebas\AppData\Local\Temp\karma-4827329\Crashpad\settings.dat: El sistema no puede encontrar la ruta especificada. (0x3)
[1213/150955.749:ERROR:file_io_win.cc(171)] CreateFile C:\Users\Sebas\AppData\Local\Temp\karma-4827329\Crashpad\reports\4ca6452a-5c49-4f7c-a476-5d199dc82e14.dmp: El sistema no puede encontrar la ruta especificada. (0x3)
[1213/150955.749:ERROR:crash_report_exception_handler.cc(99)] PrepareNewCrashReport failed
[1213/152406.907:ERROR:directory_reader_win.cc(43)] FindFirstFile: El sistema no puede encontrar la ruta especificada. (0x3)
[1213/193731.460:ERROR:directory_reader_win.cc(43)] FindFirstFile: El sistema no puede encontrar la ruta especificada. (0x3)
[1214/144510.365:ERROR:directory_reader_win.cc(43)] FindFirstFile: El sistema no puede encontrar la ruta especificada. (0x3)
